[[1;34mINFO[m] Scanning for projects...
[[1;34mINFO[m] 
[[1;34mINFO[m] [1m---------------------------< [0;36mcom.jspcs:pos[0;1m >----------------------------[m
[[1;34mINFO[m] [1mBuilding jspcs-pos 0.0.1-SNAPSHOT[m
[[1;34mINFO[m] [1m--------------------------------[ jar ]---------------------------------[m
[[1;34mINFO[m] 
[[1;34mINFO[m] [1m>>> [0;32mspring-boot-maven-plugin:3.2.1:run[m [1m(default-cli)[0;1m > [0;1mtest-compile[m @ [36mpos[0;1m >>>[m
[[1;34mINFO[m] 
[[1;34mINFO[m] [1m--- [0;32mmaven-resources-plugin:3.3.1:resources[m [1m(default-resources)[m @ [36mpos[0;1m ---[m
[[1;34mINFO[m] Copying 1 resource from src/main/resources to target/classes
[[1;34mINFO[m] Copying 2 resources from src/main/resources to target/classes
[[1;34mINFO[m] 
[[1;34mINFO[m] [1m--- [0;32mmaven-compiler-plugin:3.13.0:compile[m [1m(default-compile)[m @ [36mpos[0;1m ---[m
[[1;34mINFO[m] Nothing to compile - all classes are up to date.
[[1;34mINFO[m] 
[[1;34mINFO[m] [1m--- [0;32mmaven-resources-plugin:3.3.1:testResources[m [1m(default-testResources)[m @ [36mpos[0;1m ---[m
[[1;34mINFO[m] skip non existing resourceDirectory /home/sri-jaya-shankaran/jspcs-pos/src/test/resources
[[1;34mINFO[m] 
[[1;34mINFO[m] [1m--- [0;32mmaven-compiler-plugin:3.13.0:testCompile[m [1m(default-testCompile)[m @ [36mpos[0;1m ---[m
[[1;34mINFO[m] Nothing to compile - all classes are up to date.
[[1;34mINFO[m] 
[[1;34mINFO[m] [1m<<< [0;32mspring-boot-maven-plugin:3.2.1:run[m [1m(default-cli)[0;1m < [0;1mtest-compile[m @ [36mpos[0;1m <<<[m
[[1;34mINFO[m] 
[[1;34mINFO[m] 
[[1;34mINFO[m] [1m--- [0;32mspring-boot-maven-plugin:3.2.1:run[m [1m(default-cli)[m @ [36mpos[0;1m ---[m
[[1;34mINFO[m] Attaching agents: []

  .   ____          _            __ _ _
 /\\ / ___'_ __ _ _(_)_ __  __ _ \ \ \ \
( ( )\___ | '_ | '_| | '_ \/ _` | \ \ \ \
 \\/  ___)| |_)| | | | | || (_| |  ) ) ) )
  '  |____| .__|_| |_|_| |_\__, | / / / /
 =========|_|==============|___/=/_/_/_/
 :: Spring Boot ::                (v3.2.1)

2026-01-17T11:05:13.571+05:30  INFO 42607 --- [jspcs-pos] [           main] com.jspcs.pos.PosApplication             : Starting PosApplication using Java 21.0.2 with PID 42607 (/home/sri-jaya-shankaran/jspcs-pos/target/classes started by sri-jaya-shankaran in /home/sri-jaya-shankaran/jspcs-pos)
2026-01-17T11:05:13.573+05:30 DEBUG 42607 --- [jspcs-pos] [           main] com.jspcs.pos.PosApplication             : Running with Spring Boot v3.2.1, Spring v6.1.2
2026-01-17T11:05:13.574+05:30  INFO 42607 --- [jspcs-pos] [           main] com.jspcs.pos.PosApplication             : No active profile set, falling back to 1 default profile: "default"
2026-01-17T11:05:14.408+05:30  INFO 42607 --- [jspcs-pos] [           main] .s.d.r.c.RepositoryConfigurationDelegate : Bootstrapping Spring Data JPA repositories in DEFAULT mode.
2026-01-17T11:05:14.522+05:30  INFO 42607 --- [jspcs-pos] [           main] .s.d.r.c.RepositoryConfigurationDelegate : Finished Spring Data repository scanning in 104 ms. Found 15 JPA repository interfaces.
2026-01-17T11:05:15.747+05:30  INFO 42607 --- [jspcs-pos] [           main] o.s.b.w.embedded.tomcat.TomcatWebServer  : Tomcat initialized with port 8081 (http)
2026-01-17T11:05:15.761+05:30  INFO 42607 --- [jspcs-pos] [           main] o.apache.catalina.core.StandardService   : Starting service [Tomcat]
2026-01-17T11:05:15.762+05:30  INFO 42607 --- [jspcs-pos] [           main] o.apache.catalina.core.StandardEngine    : Starting Servlet engine: [Apache Tomcat/10.1.17]
2026-01-17T11:05:15.830+05:30  INFO 42607 --- [jspcs-pos] [           main] o.a.c.c.C.[Tomcat].[localhost].[/]       : Initializing Spring embedded WebApplicationContext
2026-01-17T11:05:15.831+05:30  INFO 42607 --- [jspcs-pos] [           main] w.s.c.ServletWebServerApplicationContext : Root WebApplicationContext: initialization completed in 2178 ms
2026-01-17T11:05:15.996+05:30  INFO 42607 --- [jspcs-pos] [           main] com.zaxxer.hikari.HikariDataSource       : HikariPool-1 - Starting...
2026-01-17T11:05:16.171+05:30  INFO 42607 --- [jspcs-pos] [           main] com.zaxxer.hikari.pool.HikariPool        : HikariPool-1 - Added connection org.postgresql.jdbc.PgConnection@437ed416
2026-01-17T11:05:16.172+05:30  INFO 42607 --- [jspcs-pos] [           main] com.zaxxer.hikari.HikariDataSource       : HikariPool-1 - Start completed.
2026-01-17T11:05:16.281+05:30  INFO 42607 --- [jspcs-pos] [           main] o.f.c.internal.license.VersionPrinter    : Flyway Community Edition 9.22.3 by Redgate
2026-01-17T11:05:16.281+05:30  INFO 42607 --- [jspcs-pos] [           main] o.f.c.internal.license.VersionPrinter    : See release notes here: https://rd.gt/416ObMi
2026-01-17T11:05:16.281+05:30  INFO 42607 --- [jspcs-pos] [           main] o.f.c.internal.license.VersionPrinter    : 
2026-01-17T11:05:16.299+05:30  INFO 42607 --- [jspcs-pos] [           main] org.flywaydb.core.FlywayExecutor         : Database: jdbc:postgresql://localhost:5433/jspcs_pos (PostgreSQL 15.15)
2026-01-17T11:05:16.355+05:30  INFO 42607 --- [jspcs-pos] [           main] o.f.core.internal.command.DbValidate     : Successfully validated 2 migrations (execution time 00:00.032s)
2026-01-17T11:05:16.372+05:30  INFO 42607 --- [jspcs-pos] [           main] o.f.core.internal.command.DbMigrate      : Current version of schema "public": 2
2026-01-17T11:05:16.374+05:30  INFO 42607 --- [jspcs-pos] [           main] o.f.core.internal.command.DbMigrate      : Schema "public" is up to date. No migration necessary.
2026-01-17T11:05:16.493+05:30  INFO 42607 --- [jspcs-pos] [           main] o.hibernate.jpa.internal.util.LogHelper  : HHH000204: Processing PersistenceUnitInfo [name: default]
2026-01-17T11:05:16.560+05:30  INFO 42607 --- [jspcs-pos] [           main] org.hibernate.Version                    : HHH000412: Hibernate ORM core version 6.4.1.Final
2026-01-17T11:05:16.602+05:30  INFO 42607 --- [jspcs-pos] [           main] o.h.c.internal.RegionFactoryInitiator    : HHH000026: Second-level cache disabled
2026-01-17T11:05:16.854+05:30  INFO 42607 --- [jspcs-pos] [           main] o.s.o.j.p.SpringPersistenceUnitInfo      : No LoadTimeWeaver setup: ignoring JPA class transformer
2026-01-17T11:05:16.913+05:30  WARN 42607 --- [jspcs-pos] [           main] org.hibernate.orm.deprecation            : HHH90000025: PostgreSQLDialect does not need to be specified explicitly using 'hibernate.dialect' (remove the property setting and it will be selected by default)
2026-01-17T11:05:18.657+05:30  INFO 42607 --- [jspcs-pos] [           main] o.h.e.t.j.p.i.JtaPlatformInitiator       : HHH000489: No JTA platform available (set 'hibernate.transaction.jta.platform' to enable JTA platform integration)
2026-01-17T11:05:18.722+05:30  INFO 42607 --- [jspcs-pos] [           main] j.LocalContainerEntityManagerFactoryBean : Initialized JPA EntityManagerFactory for persistence unit 'default'
2026-01-17T11:05:19.149+05:30 DEBUG 42607 --- [jspcs-pos] [           main] c.j.p.s.filter.JwtAuthenticationFilter   : Filter 'jwtAuthenticationFilter' configured for use
2026-01-17T11:05:19.308+05:30  INFO 42607 --- [jspcs-pos] [           main] o.s.d.j.r.query.QueryEnhancerFactory     : Hibernate is in classpath; If applicable, HQL parser will be used.
2026-01-17T11:05:20.762+05:30  INFO 42607 --- [jspcs-pos] [           main] o.s.s.web.DefaultSecurityFilterChain     : Will secure any request with [org.springframework.security.web.session.DisableEncodeUrlFilter@50df710a, org.springframework.security.web.context.request.async.WebAsyncManagerIntegrationFilter@eb3b4d7, org.springframework.security.web.context.SecurityContextHolderFilter@70347322, org.springframework.security.web.header.HeaderWriterFilter@6f6db08, org.springframework.web.filter.CorsFilter@1d4ae17e, org.springframework.security.web.authentication.logout.LogoutFilter@23038621, com.jspcs.pos.security.filter.JwtAuthenticationFilter@57cfb4d8, org.springframework.security.web.savedrequest.RequestCacheAwareFilter@3db8bbbe, org.springframework.security.web.servletapi.SecurityContextHolderAwareRequestFilter@22796ead, org.springframework.security.web.authentication.AnonymousAuthenticationFilter@44e69674, org.springframework.security.web.session.SessionManagementFilter@440dc4f7, org.springframework.security.web.access.ExceptionTranslationFilter@372e01e0, org.springframework.security.web.access.intercept.AuthorizationFilter@71b253b]
2026-01-17T11:05:22.715+05:30  INFO 42607 --- [jspcs-pos] [           main] o.s.b.w.embedded.tomcat.TomcatWebServer  : Tomcat started on port 8081 (http) with context path ''
2026-01-17T11:05:22.720+05:30  INFO 42607 --- [jspcs-pos] [           main] o.s.m.s.b.SimpleBrokerMessageHandler     : Starting...
2026-01-17T11:05:22.727+05:30  INFO 42607 --- [jspcs-pos] [           main] o.s.m.s.b.SimpleBrokerMessageHandler     : BrokerAvailabilityEvent[available=true, SimpleBrokerMessageHandler [org.springframework.messaging.simp.broker.DefaultSubscriptionRegistry@325f9758]]
2026-01-17T11:05:22.728+05:30  INFO 42607 --- [jspcs-pos] [           main] o.s.m.s.b.SimpleBrokerMessageHandler     : Started.
2026-01-17T11:05:22.747+05:30  INFO 42607 --- [jspcs-pos] [           main] com.jspcs.pos.PosApplication             : Started PosApplication in 9.668 seconds (process running for 10.15)
2026-01-17T11:05:22.830+05:30 DEBUG 42607 --- [jspcs-pos] [MessageBroker-1] org.hibernate.SQL                        : 
    select
        i1_0.product_id,
        i1_0.available_stock,
        i1_0.current_stock,
        i1_0.last_movement_at,
        i1_0.last_updated_by,
        i1_0.reserved_stock,
        i1_0.updated_at,
        i1_0.version 
    from
        inventory i1_0 
    join
        products p1_0 
            on p1_0.id=i1_0.product_id 
    where
        i1_0.current_stock<=p1_0.low_stock_threshold 
        and i1_0.current_stock>0 
        and p1_0.deleted_at is null
2026-01-17T11:05:22.830+05:30 DEBUG 42607 --- [jspcs-pos] [           main] org.hibernate.SQL                        : 
    select
        count(*) 
    from
        roles r1_0
2026-01-17T11:05:22.849+05:30 DEBUG 42607 --- [jspcs-pos] [MessageBroker-1] org.hibernate.SQL                        : 
    select
        i1_0.product_id,
        i1_0.available_stock,
        i1_0.current_stock,
        i1_0.last_movement_at,
        i1_0.last_updated_by,
        i1_0.reserved_stock,
        i1_0.updated_at,
        i1_0.version 
    from
        inventory i1_0 
    join
        products p1_0 
            on p1_0.id=i1_0.product_id 
    where
        i1_0.current_stock=0 
        and p1_0.deleted_at is null
2026-01-17T11:05:22.859+05:30 DEBUG 42607 --- [jspcs-pos] [           main] org.hibernate.SQL                        : 
    select
        r1_0.id,
        r1_0.created_at,
        r1_0.description,
        r1_0.is_active,
        r1_0.name,
        r1_0.permissions,
        r1_0.updated_at 
    from
        roles r1_0 
    where
        r1_0.name=?
2026-01-17T11:05:22.907+05:30 DEBUG 42607 --- [jspcs-pos] [           main] org.hibernate.SQL                        : 
    select
        r1_0.id,
        r1_0.created_at,
        r1_0.description,
        r1_0.is_active,
        r1_0.name,
        r1_0.permissions,
        r1_0.updated_at 
    from
        roles r1_0 
    where
        r1_0.name=?
2026-01-17T11:05:22.911+05:30 DEBUG 42607 --- [jspcs-pos] [           main] org.hibernate.SQL                        : 
    select
        u1_0.id 
    from
        users u1_0 
    where
        u1_0.username=? 
    fetch
        first ? rows only
2026-01-17T11:05:22.920+05:30 DEBUG 42607 --- [jspcs-pos] [           main] org.hibernate.SQL                        : 
    select
        u1_0.id 
    from
        users u1_0 
    where
        u1_0.username=? 
    fetch
        first ? rows only
2026-01-17T11:05:22.922+05:30 DEBUG 42607 --- [jspcs-pos] [           main] org.hibernate.SQL                        : 
    select
        u1_0.id 
    from
        users u1_0 
    where
        u1_0.username=? 
    fetch
        first ? rows only
2026-01-17T11:05:29.888+05:30  INFO 42607 --- [jspcs-pos] [nio-8081-exec-1] o.a.c.c.C.[Tomcat].[localhost].[/]       : Initializing Spring DispatcherServlet 'dispatcherServlet'
2026-01-17T11:05:29.889+05:30  INFO 42607 --- [jspcs-pos] [nio-8081-exec-1] o.s.web.servlet.DispatcherServlet        : Initializing Servlet 'dispatcherServlet'
2026-01-17T11:05:29.894+05:30  INFO 42607 --- [jspcs-pos] [nio-8081-exec-1] o.s.web.servlet.DispatcherServlet        : Completed initialization in 4 ms
2026-01-17T11:06:21.593+05:30  INFO 42607 --- [jspcs-pos] [MessageBroker-2] o.s.w.s.c.WebSocketMessageBrokerStats    : WebSocketSession[0 current WS(0)-HttpStream(0)-HttpPoll(0), 0 total, 0 closed abnormally (0 connect failure, 0 send limit, 0 transport error)], stompSubProtocol[processed CONNECT(0)-CONNECTED(0)-DISCONNECT(0)], stompBrokerRelay[null], inboundChannel[pool size = 0, active threads = 0, queued tasks = 0, completed tasks = 0], outboundChannel[pool size = 0, active threads = 0, queued tasks = 0, completed tasks = 0], sockJsScheduler[pool size = 3, active threads = 1, queued tasks = 1, completed tasks = 1]
2026-01-17T11:06:22.751+05:30 DEBUG 42607 --- [jspcs-pos] [MessageBroker-1] org.hibernate.SQL                        : 
    select
        i1_0.product_id,
        i1_0.available_stock,
        i1_0.current_stock,
        i1_0.last_movement_at,
        i1_0.last_updated_by,
        i1_0.reserved_stock,
        i1_0.updated_at,
        i1_0.version 
    from
        inventory i1_0 
    join
        products p1_0 
            on p1_0.id=i1_0.product_id 
    where
        i1_0.current_stock<=p1_0.low_stock_threshold 
        and i1_0.current_stock>0 
        and p1_0.deleted_at is null
2026-01-17T11:06:22.761+05:30 DEBUG 42607 --- [jspcs-pos] [MessageBroker-1] org.hibernate.SQL                        : 
    select
        i1_0.product_id,
        i1_0.available_stock,
        i1_0.current_stock,
        i1_0.last_movement_at,
        i1_0.last_updated_by,
        i1_0.reserved_stock,
        i1_0.updated_at,
        i1_0.version 
    from
        inventory i1_0 
    join
        products p1_0 
            on p1_0.id=i1_0.product_id 
    where
        i1_0.current_stock=0 
        and p1_0.deleted_at is null
2026-01-17T11:07:22.747+05:30 DEBUG 42607 --- [jspcs-pos] [MessageBroker-1] org.hibernate.SQL                        : 
    select
        i1_0.product_id,
        i1_0.available_stock,
        i1_0.current_stock,
        i1_0.last_movement_at,
        i1_0.last_updated_by,
        i1_0.reserved_stock,
        i1_0.updated_at,
        i1_0.version 
    from
        inventory i1_0 
    join
        products p1_0 
            on p1_0.id=i1_0.product_id 
    where
        i1_0.current_stock<=p1_0.low_stock_threshold 
        and i1_0.current_stock>0 
        and p1_0.deleted_at is null
2026-01-17T11:07:22.756+05:30 DEBUG 42607 --- [jspcs-pos] [MessageBroker-1] org.hibernate.SQL                        : 
    select
        i1_0.product_id,
        i1_0.available_stock,
        i1_0.current_stock,
        i1_0.last_movement_at,
        i1_0.last_updated_by,
        i1_0.reserved_stock,
        i1_0.updated_at,
        i1_0.version 
    from
        inventory i1_0 
    join
        products p1_0 
            on p1_0.id=i1_0.product_id 
    where
        i1_0.current_stock=0 
        and p1_0.deleted_at is null
2026-01-17T11:08:22.747+05:30 DEBUG 42607 --- [jspcs-pos] [MessageBroker-1] org.hibernate.SQL                        : 
    select
        i1_0.product_id,
        i1_0.available_stock,
        i1_0.current_stock,
        i1_0.last_movement_at,
        i1_0.last_updated_by,
        i1_0.reserved_stock,
        i1_0.updated_at,
        i1_0.version 
    from
        inventory i1_0 
    join
        products p1_0 
            on p1_0.id=i1_0.product_id 
    where
        i1_0.current_stock<=p1_0.low_stock_threshold 
        and i1_0.current_stock>0 
        and p1_0.deleted_at is null
2026-01-17T11:08:22.755+05:30 DEBUG 42607 --- [jspcs-pos] [MessageBroker-1] org.hibernate.SQL                        : 
    select
        i1_0.product_id,
        i1_0.available_stock,
        i1_0.current_stock,
        i1_0.last_movement_at,
        i1_0.last_updated_by,
        i1_0.reserved_stock,
        i1_0.updated_at,
        i1_0.version 
    from
        inventory i1_0 
    join
        products p1_0 
            on p1_0.id=i1_0.product_id 
    where
        i1_0.current_stock=0 
        and p1_0.deleted_at is null
2026-01-17T11:09:22.748+05:30 DEBUG 42607 --- [jspcs-pos] [MessageBroker-1] org.hibernate.SQL                        : 
    select
        i1_0.product_id,
        i1_0.available_stock,
        i1_0.current_stock,
        i1_0.last_movement_at,
        i1_0.last_updated_by,
        i1_0.reserved_stock,
        i1_0.updated_at,
        i1_0.version 
    from
        inventory i1_0 
    join
        products p1_0 
            on p1_0.id=i1_0.product_id 
    where
        i1_0.current_stock<=p1_0.low_stock_threshold 
        and i1_0.current_stock>0 
        and p1_0.deleted_at is null
2026-01-17T11:09:22.756+05:30 DEBUG 42607 --- [jspcs-pos] [MessageBroker-1] org.hibernate.SQL                        : 
    select
        i1_0.product_id,
        i1_0.available_stock,
        i1_0.current_stock,
        i1_0.last_movement_at,
        i1_0.last_updated_by,
        i1_0.reserved_stock,
        i1_0.updated_at,
        i1_0.version 
    from
        inventory i1_0 
    join
        products p1_0 
            on p1_0.id=i1_0.product_id 
    where
        i1_0.current_stock=0 
        and p1_0.deleted_at is null
