[[1;34mINFO[m] Scanning for projects...
[[1;34mINFO[m] 
[[1;34mINFO[m] [1m---------------------------< [0;36mcom.jspcs:pos[0;1m >----------------------------[m
[[1;34mINFO[m] [1mBuilding jspcs-pos 0.0.1-SNAPSHOT[m
[[1;34mINFO[m] [1m--------------------------------[ jar ]---------------------------------[m
[[1;34mINFO[m] 
[[1;34mINFO[m] [1m>>> [0;32mspring-boot-maven-plugin:3.2.1:run[m [1m(default-cli)[0;1m > [0;1mtest-compile[m @ [36mpos[0;1m >>>[m
[[1;34mINFO[m] 
[[1;34mINFO[m] [1m--- [0;32mmaven-resources-plugin:3.3.1:resources[m [1m(default-resources)[m @ [36mpos[0;1m ---[m
[[1;34mINFO[m] Copying 1 resource from src/main/resources to target/classes
[[1;34mINFO[m] Copying 2 resources from src/main/resources to target/classes
[[1;34mINFO[m] 
[[1;34mINFO[m] [1m--- [0;32mmaven-compiler-plugin:3.13.0:compile[m [1m(default-compile)[m @ [36mpos[0;1m ---[m
[[1;34mINFO[m] Nothing to compile - all classes are up to date.
[[1;34mINFO[m] 
[[1;34mINFO[m] [1m--- [0;32mmaven-resources-plugin:3.3.1:testResources[m [1m(default-testResources)[m @ [36mpos[0;1m ---[m
[[1;34mINFO[m] skip non existing resourceDirectory /home/sri-jaya-shankaran/jspcs-pos/src/test/resources
[[1;34mINFO[m] 
[[1;34mINFO[m] [1m--- [0;32mmaven-compiler-plugin:3.13.0:testCompile[m [1m(default-testCompile)[m @ [36mpos[0;1m ---[m
[[1;34mINFO[m] Nothing to compile - all classes are up to date.
[[1;34mINFO[m] 
[[1;34mINFO[m] [1m<<< [0;32mspring-boot-maven-plugin:3.2.1:run[m [1m(default-cli)[0;1m < [0;1mtest-compile[m @ [36mpos[0;1m <<<[m
[[1;34mINFO[m] 
[[1;34mINFO[m] 
[[1;34mINFO[m] [1m--- [0;32mspring-boot-maven-plugin:3.2.1:run[m [1m(default-cli)[m @ [36mpos[0;1m ---[m
[[1;34mINFO[m] Attaching agents: []

  .   ____          _            __ _ _
 /\\ / ___'_ __ _ _(_)_ __  __ _ \ \ \ \
( ( )\___ | '_ | '_| | '_ \/ _` | \ \ \ \
 \\/  ___)| |_)| | | | | || (_| |  ) ) ) )
  '  |____| .__|_| |_|_| |_\__, | / / / /
 =========|_|==============|___/=/_/_/_/
 :: Spring Boot ::                (v3.2.1)

2026-01-17T11:36:57.239+05:30  INFO 55163 --- [jspcs-pos] [           main] com.jspcs.pos.PosApplication             : Starting PosApplication using Java 21.0.2 with PID 55163 (/home/sri-jaya-shankaran/jspcs-pos/target/classes started by sri-jaya-shankaran in /home/sri-jaya-shankaran/jspcs-pos)
2026-01-17T11:36:57.242+05:30 DEBUG 55163 --- [jspcs-pos] [           main] com.jspcs.pos.PosApplication             : Running with Spring Boot v3.2.1, Spring v6.1.2
2026-01-17T11:36:57.268+05:30  INFO 55163 --- [jspcs-pos] [           main] com.jspcs.pos.PosApplication             : No active profile set, falling back to 1 default profile: "default"
2026-01-17T11:36:58.732+05:30  INFO 55163 --- [jspcs-pos] [           main] .s.d.r.c.RepositoryConfigurationDelegate : Bootstrapping Spring Data JPA repositories in DEFAULT mode.
2026-01-17T11:36:58.873+05:30  INFO 55163 --- [jspcs-pos] [           main] .s.d.r.c.RepositoryConfigurationDelegate : Finished Spring Data repository scanning in 133 ms. Found 15 JPA repository interfaces.
2026-01-17T11:37:00.270+05:30  INFO 55163 --- [jspcs-pos] [           main] o.s.b.w.embedded.tomcat.TomcatWebServer  : Tomcat initialized with port 8081 (http)
2026-01-17T11:37:00.286+05:30  INFO 55163 --- [jspcs-pos] [           main] o.apache.catalina.core.StandardService   : Starting service [Tomcat]
2026-01-17T11:37:00.286+05:30  INFO 55163 --- [jspcs-pos] [           main] o.apache.catalina.core.StandardEngine    : Starting Servlet engine: [Apache Tomcat/10.1.17]
2026-01-17T11:37:00.362+05:30  INFO 55163 --- [jspcs-pos] [           main] o.a.c.c.C.[Tomcat].[localhost].[/]       : Initializing Spring embedded WebApplicationContext
2026-01-17T11:37:00.364+05:30  INFO 55163 --- [jspcs-pos] [           main] w.s.c.ServletWebServerApplicationContext : Root WebApplicationContext: initialization completed in 2973 ms
2026-01-17T11:37:00.537+05:30  INFO 55163 --- [jspcs-pos] [           main] com.zaxxer.hikari.HikariDataSource       : HikariPool-1 - Starting...
2026-01-17T11:37:00.742+05:30  INFO 55163 --- [jspcs-pos] [           main] com.zaxxer.hikari.pool.HikariPool        : HikariPool-1 - Added connection org.postgresql.jdbc.PgConnection@8b13d91
2026-01-17T11:37:00.775+05:30  INFO 55163 --- [jspcs-pos] [           main] com.zaxxer.hikari.HikariDataSource       : HikariPool-1 - Start completed.
2026-01-17T11:37:00.904+05:30  INFO 55163 --- [jspcs-pos] [           main] o.f.c.internal.license.VersionPrinter    : Flyway Community Edition 9.22.3 by Redgate
2026-01-17T11:37:00.905+05:30  INFO 55163 --- [jspcs-pos] [           main] o.f.c.internal.license.VersionPrinter    : See release notes here: https://rd.gt/416ObMi
2026-01-17T11:37:00.906+05:30  INFO 55163 --- [jspcs-pos] [           main] o.f.c.internal.license.VersionPrinter    : 
2026-01-17T11:37:00.930+05:30  INFO 55163 --- [jspcs-pos] [           main] org.flywaydb.core.FlywayExecutor         : Database: jdbc:postgresql://localhost:5433/jspcs_pos (PostgreSQL 15.15)
2026-01-17T11:37:00.993+05:30  INFO 55163 --- [jspcs-pos] [           main] o.f.core.internal.command.DbValidate     : Successfully validated 2 migrations (execution time 00:00.038s)
2026-01-17T11:37:01.010+05:30  INFO 55163 --- [jspcs-pos] [           main] o.f.core.internal.command.DbMigrate      : Current version of schema "public": 2
2026-01-17T11:37:01.013+05:30  INFO 55163 --- [jspcs-pos] [           main] o.f.core.internal.command.DbMigrate      : Schema "public" is up to date. No migration necessary.
2026-01-17T11:37:01.137+05:30  INFO 55163 --- [jspcs-pos] [           main] o.hibernate.jpa.internal.util.LogHelper  : HHH000204: Processing PersistenceUnitInfo [name: default]
2026-01-17T11:37:01.197+05:30  INFO 55163 --- [jspcs-pos] [           main] org.hibernate.Version                    : HHH000412: Hibernate ORM core version 6.4.1.Final
2026-01-17T11:37:01.231+05:30  INFO 55163 --- [jspcs-pos] [           main] o.h.c.internal.RegionFactoryInitiator    : HHH000026: Second-level cache disabled
2026-01-17T11:37:01.592+05:30  INFO 55163 --- [jspcs-pos] [           main] o.s.o.j.p.SpringPersistenceUnitInfo      : No LoadTimeWeaver setup: ignoring JPA class transformer
2026-01-17T11:37:01.668+05:30  WARN 55163 --- [jspcs-pos] [           main] org.hibernate.orm.deprecation            : HHH90000025: PostgreSQLDialect does not need to be specified explicitly using 'hibernate.dialect' (remove the property setting and it will be selected by default)
2026-01-17T11:37:03.385+05:30  INFO 55163 --- [jspcs-pos] [           main] o.h.e.t.j.p.i.JtaPlatformInitiator       : HHH000489: No JTA platform available (set 'hibernate.transaction.jta.platform' to enable JTA platform integration)
2026-01-17T11:37:03.453+05:30  INFO 55163 --- [jspcs-pos] [           main] j.LocalContainerEntityManagerFactoryBean : Initialized JPA EntityManagerFactory for persistence unit 'default'
2026-01-17T11:37:03.942+05:30 DEBUG 55163 --- [jspcs-pos] [           main] c.j.p.s.filter.JwtAuthenticationFilter   : Filter 'jwtAuthenticationFilter' configured for use
2026-01-17T11:37:04.130+05:30  INFO 55163 --- [jspcs-pos] [           main] o.s.d.j.r.query.QueryEnhancerFactory     : Hibernate is in classpath; If applicable, HQL parser will be used.
2026-01-17T11:37:05.797+05:30  INFO 55163 --- [jspcs-pos] [           main] o.s.s.web.DefaultSecurityFilterChain     : Will secure any request with [org.springframework.security.web.session.DisableEncodeUrlFilter@1885d990, org.springframework.security.web.context.request.async.WebAsyncManagerIntegrationFilter@6383ea52, org.springframework.security.web.context.SecurityContextHolderFilter@42010bc8, org.springframework.security.web.header.HeaderWriterFilter@7e4fc391, org.springframework.web.filter.CorsFilter@5c8d22de, org.springframework.security.web.authentication.logout.LogoutFilter@7768ffae, com.jspcs.pos.security.filter.JwtAuthenticationFilter@1fdbba0d, org.springframework.security.web.savedrequest.RequestCacheAwareFilter@63c57bde, org.springframework.security.web.servletapi.SecurityContextHolderAwareRequestFilter@56c75b4f, org.springframework.security.web.authentication.AnonymousAuthenticationFilter@71ef3f0c, org.springframework.security.web.session.SessionManagementFilter@13c02cec, org.springframework.security.web.access.ExceptionTranslationFilter@46724526, org.springframework.security.web.access.intercept.AuthorizationFilter@56d5a50f]
2026-01-17T11:37:06.489+05:30  WARN 55163 --- [jspcs-pos] [           main] ConfigServletWebServerApplicationContext : Exception encountered during context initialization - cancelling refresh attempt: org.springframework.context.ApplicationContextException: Failed to start bean 'webServerStartStop'
2026-01-17T11:37:06.496+05:30  INFO 55163 --- [jspcs-pos] [           main] j.LocalContainerEntityManagerFactoryBean : Closing JPA EntityManagerFactory for persistence unit 'default'
2026-01-17T11:37:06.499+05:30  INFO 55163 --- [jspcs-pos] [           main] com.zaxxer.hikari.HikariDataSource       : HikariPool-1 - Shutdown initiated...
2026-01-17T11:37:06.501+05:30  INFO 55163 --- [jspcs-pos] [           main] com.zaxxer.hikari.HikariDataSource       : HikariPool-1 - Shutdown completed.
2026-01-17T11:37:06.521+05:30  INFO 55163 --- [jspcs-pos] [           main] .s.b.a.l.ConditionEvaluationReportLogger : 

Error starting ApplicationContext. To display the condition evaluation report re-run your application with 'debug' enabled.
2026-01-17T11:37:06.537+05:30 ERROR 55163 --- [jspcs-pos] [           main] o.s.b.d.LoggingFailureAnalysisReporter   : 

***************************
APPLICATION FAILED TO START
***************************

Description:

Web server failed to start. Port 8081 was already in use.

Action:

Identify and stop the process that's listening on port 8081 or configure this application to listen on another port.

[[1;34mINFO[m] [1m------------------------------------------------------------------------[m
[[1;34mINFO[m] [1;31mBUILD FAILURE[m
[[1;34mINFO[m] [1m------------------------------------------------------------------------[m
[[1;34mINFO[m] Total time:  12.572 s
[[1;34mINFO[m] Finished at: 2026-01-17T11:37:06+05:30
[[1;34mINFO[m] [1m------------------------------------------------------------------------[m
[[1;31mERROR[m] Failed to execute goal [32morg.springframework.boot:spring-boot-maven-plugin:3.2.1:run[m [1m(default-cli)[m on project [36mpos[m: [1;31mProcess terminated with exit code: 1[m -> [1m[Help 1][m
[[1;31mERROR[m] 
[[1;31mERROR[m] To see the full stack trace of the errors, re-run Maven with the [1m-e[m switch.
[[1;31mERROR[m] Re-run Maven using the [1m-X[m switch to enable full debug logging.
[[1;31mERROR[m] 
[[1;31mERROR[m] For more information about the errors and possible solutions, please read the following articles:
[[1;31mERROR[m] [1m[Help 1][m http://cwiki.apache.org/confluence/display/MAVEN/MojoExecutionException
